ERROR in src/app/jasmine/tests.module.ts:7:10 - error TS2305: Module '"D:/MC/CloudIDEaaS/root/ApplicationGenerator/TestOutput/contoso.Web/contoso/node_modules/@angular/platform-browser-dynamic/testing"' has no exported member 'ɵa'. 7 import { ɵa, ɵb } from '@angular/platform-browser-dynamic/testing';
src/app/jasmine/tests.module.ts:7:14 - error TS2305: Module '"D:/MC/CloudIDEaaS/root/ApplicationGenerator/TestOutput/contoso.Web/contoso/node_modules/@angular/platform-browser-dynamic/testing"' has no exported member 'ɵb'. 7 import { ɵa, ɵb } from '@angular/platform-browser-dynamic/testing';
src/app/jasmine/tests.module.ts:19:25 - error TS2559: Type 'typeof Tests' has no properties in common with type 'IonicConfig'. 19     IonicModule.forRoot(Tests),
src/app/jasmine/tests.module.ts:23:15 - error TS2304: Cannot find name 'IonicApp'. 23   bootstrap: [IonicApp],
src/app/jasmine/tests.module.ts:30:40 - error TS2304: Cannot find name 'IonicErrorHandler'. 30     { provide: ErrorHandler, useClass: IonicErrorHandler },
src/app/modules/components/bread-crumb/bread-crumb.module.ts:19:25 - error TS2559: Type 'typeof BreadCrumb' has no properties in common with type 'IonicConfig'. 19     IonicModule.forRoot(BreadCrumb),
src/app/modules/components/bread-crumb/bread-crumb.ts:2:10 - error TS2305: Module '"D:/MC/CloudIDEaaS/root/ApplicationGenerator/TestOutput/contoso.Web/contoso/node_modules/@ionic/angular/ionic-angular"' has  no exported member 'IonicPage'. 2 import { IonicPage, ViewController, NavController, NavParams, ToastController, Toast, AlertController, PopoverController } from "@ionic/angular";
src/app/modules/components/bread-crumb/bread-crumb.ts:2:21 - error TS2724: Module '"D:/MC/CloudIDEaaS/root/ApplicationGenerator/TestOutput/contoso.Web/contoso/node_modules/@ionic/angular/ionic-angular"' has no exported member 'ViewController'. Did you mean 'NavController'? 2 import { IonicPage, ViewController, NavController, NavParams, ToastController, Toast, AlertController, PopoverController } from "@ionic/angular";
src/app/modules/components/bread-crumb/bread-crumb.ts:2:80 - error TS2305: Module '"D:/MC/CloudIDEaaS/root/ApplicationGenerator/TestOutput/contoso.Web/contoso/node_modules/@ionic/angular/ionic-angular"' has no exported member 'Toast'. 2 import { IonicPage, ViewController, NavController, NavParams, ToastController, Toast, AlertController, PopoverController } from "@ionic/angular";
src/app/modules/components/bread-crumb/bread-crumb.ts:30:57 - error TS2339: Property 'getViews' does not exist on type 'NavController'. 30 let views = new List<ViewController>(this.navCtrl.getViews()).copy();
src/app/pages/home/home.module.ts:2:33 - error TS2307: Cannot find module 'ionic-angular'. 2 import { IonicPageModule } from 'ionic-angular';
src/app/pages/home/home.ts:1:10 - error TS2305: Module '"D:/MC/CloudIDEaaS/root/ApplicationGenerator/TestOutput/contoso.Web/contoso/node_modules/@ionic/angular/ionic-angular"' has no exported member 'IonicPage'. 1 import { IonicPage, NavController, LoadingController } from '@ionic/angular';
src/app/pages/welcome/welcome.ts:1:10 - error TS2305: Module '"D:/MC/CloudIDEaaS/root/ApplicationGenerator/TestOutput/contoso.Web/contoso/node_modules/@ionic/angular/ionic-angular"' has no exported member 'IonicPage'. 1 import { IonicPage, NavController, LoadingController } from '@ionic/angular';